[2025-06-23 15:32:17] local.INFO: ImportQuanHuyen  
[2025-06-23 15:32:17] local.INFO: Token: eyJhbGciOiJIUzI1NiJ9.eyJzdWIiOiJhZF90aGFpbmd1eWVuX2RlbW8iLCJpYXQiOjE3NDgyMjE4OTEsImV4cCI6MTc1MzQwNTg5MX0.UzN3PrvosAzGFWZ1VfyWSwExOOu3bBte3yNQZTEI3T8  
[2025-06-23 15:32:17] local.INFO: response  
[2025-06-23 15:32:17] local.INFO: {}  
[2025-06-23 15:52:42] local.INFO: GET  
[2025-06-23 15:52:42] local.INFO: POST  
[2025-06-23 15:52:42] local.INFO: POST  
[2025-06-23 15:52:43] local.INFO: POST  
[2025-06-23 15:52:43] local.INFO: POST  
[2025-06-23 15:52:43] local.INFO: POST  
[2025-06-23 15:52:43] local.INFO: POST  
[2025-06-23 15:52:43] local.INFO: POST  
[2025-06-23 15:52:43] local.INFO: POST  
[2025-06-23 15:52:43] local.INFO: POST  
[2025-06-23 15:52:44] local.INFO: POST  
[2025-06-23 15:52:44] local.INFO: POST  
[2025-06-23 15:52:44] local.INFO: POST  
[2025-06-23 15:52:44] local.INFO: POST  
[2025-06-23 15:52:44] local.INFO: POST  
[2025-06-23 15:52:44] local.INFO: POST  
[2025-06-23 15:52:44] local.INFO: POST  
[2025-06-23 15:52:44] local.INFO: POST  
[2025-06-23 15:52:44] local.INFO: POST  
[2025-06-23 15:52:45] local.INFO: POST  
[2025-06-23 15:52:45] local.INFO: POST  
[2025-06-23 15:52:45] local.INFO: POST  
[2025-06-23 15:52:45] local.INFO: POST  
[2025-06-23 15:52:45] local.INFO: POST  
[2025-06-23 15:52:45] local.INFO: POST  
[2025-06-23 15:52:46] local.INFO: POST  
[2025-06-23 15:52:46] local.INFO: POST  
[2025-06-23 15:52:46] local.INFO: POST  
[2025-06-23 15:52:46] local.INFO: POST  
[2025-06-23 15:52:46] local.INFO: POST  
[2025-06-23 15:52:49] local.INFO: POST  
[2025-06-23 15:52:49] local.INFO: POST  
[2025-06-23 15:52:49] local.INFO: POST  
