[2025-07-11 08:14:36] local.DEBUG: params login:  
[2025-07-11 08:14:36] local.WARNING: {"username":"ad_thainguyen_demo","password":"Csdln@2024#19","captcha":"","captcha_token":"","ipAddress":null,"userAgent":"Mozilla\/5.0 (Macintosh; Intel Mac OS X 10_15_7) AppleWebKit\/537.36 (KHTML, like Gecko) Chrome\/138.0.0.0 Safari\/537.36"}  
[2025-07-11 08:14:36] local.WARNING: "https:\/\/apimoet.dtsgroup.com.vn\/csdlgd-user\/auth\/login"  
[2025-07-11 08:14:36] local.INFO: Post data : https://apimoet.dtsgroup.com.vn/csdlgd-user/auth/login data: {
    "username": "ad_thainguyen_demo",
    "password": "Csdln@2024#19",
    "captcha": "",
    "captcha_token": "",
    "ipAddress": null,
    "userAgent": "Mozilla\/5.0 (Macintosh; Intel Mac OS X 10_15_7) AppleWebKit\/537.36 (KHTML, like Gecko) Chrome\/138.0.0.0 Safari\/537.36"
}  
[2025-07-11 08:14:37] local.DEBUG: Kết quả đăng nhập:  
[2025-07-11 08:14:37] local.INFO: {"rc":0,"rd":"M\u1eadt kh\u1ea9u hi\u1ec7n t\u1ea1i s\u1eed d\u1ee5ng qu\u00e1 th\u1eddi h\u1ea1n 6 th\u00e1ng. Vui l\u00f2ng thay \u0111\u1ed5i m\u1eadt kh\u1ea9u m\u1edbi \u0111\u1ec3 \u0111\u0103ng nh\u1eadp l\u1ea1i.","token":"eyJhbGciOiJIUzI1NiJ9.eyJzdWIiOiJhZF90aGFpbmd1eWVuX2RlbW8iLCJpYXQiOjE3NDgyMjE4OTEsImV4cCI6MTc1MzQwNTg5MX0.UzN3PrvosAzGFWZ1VfyWSwExOOu3bBte3yNQZTEI3T8","ssoAccessToken":null,"role":2,"province":"19","district":"164","ssoDienBien":false,"listBaoCaoChoBo":null,"listBaoCaoChoSo":null,"code":0,"message":"Th\u00e0nh c\u00f4ng","username":"ad_thainguyen_demo","needChangePassword":false,"failCount":0,"domain":"csdlgiaoduc.thainguyen.gov.vn","jobPosition":null,"capHocList":[1,2,3,4,5,45,6],"capHocList2":null,"parentRole":2,"baseRole":2,"otherPermisisons":null,"timeoutUser":30,"passwordOutdated":true,"display_name":"Demo SGD Th\u00e1i Nguy\u00ean","ma_don_vi":"19","ma_so":"19","ma_phong":"","ma_truong_hoc":"","permission":[{"_id":{"timestamp":1581479979,"machineIdentifier":1518083,"processIdentifier":5140,"counter":1415616,"date":"2020-02-12T03:59:39.000+0000","time":1581479979000,"timeSecond":1581479979},"stt":1,"checked":true,"icon":"fa fas fa-chart-line","name":"T\u1ed5ng quan","hasChildren":false,"path":"\/dashboard"},{"_id":{"timestamp":1581480045,"machineIdentifier":1518083,"processIdentifier":5140,"counter":1415618,"date":"2020-02-12T04:00:45.000+0000","time":1581480045000,"timeSecond":1581480045},"stt":3,"checked":true,"icon":"fas fa-book","name":"Danh m\u1ee5c","path":"\/danh-muc","roleList":[1,2,2062],"hasChildren":true,"children":[{"checked":true,"icon":"fa fa-arrow-right","name":"Qu\u1eadn huy\u1ec7n","path":"\/category\/district","roleList":[2,1,2062]},{"checked":true,"icon":"fa fa-arrow-right","name":"X\u00e3 ph\u01b0\u1eddng","path":"\/category\/wards","roleList":[2,1,2062]},{"checked":true,"icon":"fa fa-arrow-right","name":"T\u1ed5 th\u00f4n","path":"\/category\/village","roleList":[2,1,2062]}]},{"_id":{"timestamp":1581480506,"machineIdentifier":1518083,"processIdentifier":5140,"counter":1415623,"date":"2020-02-12T04:08:26.000+0000","time":1581480506000,"timeSecond":1581480506},"stt":5,"checked":true,"icon":"fas fa-sync-alt","name":"Ti\u1ebfp nh\u1eadn d\u1eef li\u1ec7u QLNT","path":"\/synchronous-management","roleList":[2,3,4,5,20,40,2018,2021,2013,2028,2029,2030,2033,2034,2037,2041,2043,2045,2053,2057,2056,2054,2062],"hasChildren":true,"children":[{"checked":true,"icon":"fa fa-arrow-right","name":"C\u1ea5u h\u00ecnh l\u1ecbch \u0111\u1ed3ng b\u1ed9","path":"\/Configure-sync-calendar","roleList":[1,2,3,4,2028,2029,2030,2033,2034,2037,2041,2043,2045,2053,2057,2056,2054,2062],"whitelist":[{"maSoList":["25"],"maPhongList":["238"],"roleList":[4,40],"desc":"Ph\u00f2ng Gi\u00e1o d\u1ee5c v\u00e0 \u0110\u00e0o t\u1ea1o Huy\u1ec7n Thanh S\u01a1n - Ph\u00fa Th\u1ecd. Quy\u1ec1n gi\u1ed1ng s\u1edf"},{"maSoList":["79"],"maPhongList":["766"],"roleList":[4,40],"desc":"Ph\u00f2ng Gi\u00e1o d\u1ee5c v\u00e0 \u0110\u00e0o t\u1ea1o Qu\u1eadn T\u00e2n B\u00ecnh - TPHCM. Quy\u1ec1n gi\u1ed1ng s\u1edf"}],"hasChildren":true,"children":[{"checked":true,"icon":"fa fa-arrow-right","name":"C\u1ea5p s\u1edf","path":"\/Configure-sync-calendar?type=1","roleList":[1,2,2028,2029,2030,2033,2034]},{"checked":true,"icon":"fa fa-arrow-right","name":"C\u1ea5p tr\u01b0\u1eddng","path":"\/Configure-sync-calendar?type=2","roleList":[1,2,3,4,2028,2029,2030,2033,2034]}]},{"checked":true,"icon":"fa fa-arrow-right","name":"H\u1ec7 th\u1ed1ng \u0111\u1ed1i t\u00e1c tr\u01b0\u1eddng","path":"\/update-school-partners","roleList":[2,2033,2037,2029,2043,2049,2062],"blacklist":[{"maSoList":["999"],"roleList":[2]}]},{"checked":true,"icon":"fa fa-arrow-right","name":"BC t\u00ecnh h\u00ecnh n\u1ed9p d\u1eef li\u1ec7u","path":"\/report-sync-status","roleList":[2,2018,20,5,4,2021,2028,2029,2030,2033,2034,2037,2038,2041,2043,2045,2053,2057,2056,2054,2062],"hasChildren":true,"children":[{"checked":true,"icon":"fa fa-arrow-right","name":"C\u1ea5p s\u1edf","path":"\/report-sync-status?type=1","roleList":[2,2018,20,2021,2028,2029,2030,2033,2034],"maSoList":[]},{"checked":true,"icon":"fa fa-arrow-right","name":"C\u1ea5p tr\u01b0\u1eddng","path":"\/report-sync-status?type=2","roleList":[2,2018,20,5,4,2021,2028,2029,2030,2033,2034],"maSoList":[]}]},{"checked":true,"icon":"fa fa-arrow-right","name":"L\u1ecbch s\u1eed ti\u1ebfp nh\u1eadn d\u1eef li\u1ec7u","path":"\/Data-transfer-schedule","roleList":[2,3,4,5,20,40,2018,2021,2013,2028,2029,2030,2033,2034,2037,2038,2041,2042,2043,2045,2053,2057,2056,2054,2062]}]},{"_id":{"timestamp":1581480604,"machineIdentifier":1518083,"processIdentifier":5140,"counter":1415624,"date":"2020-02-12T04:10:04.000+0000","time":1581480604000,"timeSecond":1581480604},"stt":7,"checked":true,"icon":"fas fa-cogs","name":"K\u1ebft chuy\u1ec3n d\u1eef li\u1ec7u","path":"\/System-management","roleList":[2,3,4,5,20,40,2018,2021,2028,2029,2030,2033,2037,2041,2043,2045,2052,2057,2056,2053,2054,2062],"hasChildren":true,"children":[{"checked":true,"icon":"fa fa-arrow-right","name":"M\u1eadt kh\u1ea9u k\u1ebft chuy\u1ec3n l\u00ean B\u1ed9","path":"\/pass-data-transfer","roleList":[2,2018,2021,2028,2033,2037,2041,2043,2045,2052,2057,2056,2053,2054,2062],"whitelist":[{"maSoList":["25"],"maPhongList":["238"],"roleList":[4,40],"desc":"Ph\u00f2ng Gi\u00e1o d\u1ee5c v\u00e0 \u0110\u00e0o t\u1ea1o Huy\u1ec7n Thanh S\u01a1n - Ph\u00fa Th\u1ecd. Quy\u1ec1n gi\u1ed1ng s\u1edf"},{"maSoList":["79"],"maPhongList":["766"],"roleList":[4,40],"desc":"Ph\u00f2ng Gi\u00e1o d\u1ee5c v\u00e0 \u0110\u00e0o t\u1ea1o Qu\u1eadn T\u00e2n B\u00ecnh - TPHCM. Quy\u1ec1n gi\u1ed1ng s\u1edf"}]},{"checked":true,"icon":"fa fa-arrow-right","name":"C\u1ea5u h\u00ecnh duy\u1ec7t\/\u0111\u1ea9y d\u1eef li\u1ec7u l\u00ean B\u1ed9","path":"\/config-moet-transfer-permission","roleList":[2,2033,2037,2041,2029,2043,2045,2052,2057,2056,2053,2054,2062],"maSoList":["10","19","25","30","45","08","26","52","64","86","62","91","33","11","22","36"]},{"checked":true,"icon":"fa fa-arrow-right","name":"K\u1ebft chuy\u1ec3n d\u1eef li\u1ec7u l\u00ean B\u1ed9","path":"\/Request-data-by-school","roleList":[2,3,4,5,20,40,2018,2021,2028,2030,2033,2037,2038,2041,2029,2043,2045,2052,2057,2056,2053,2054,2062],"whitelist":[{"maSoList":["25"],"maPhongList":["238"],"roleList":[4,40],"desc":"Ph\u00f2ng Gi\u00e1o d\u1ee5c v\u00e0 \u0110\u00e0o t\u1ea1o Huy\u1ec7n Thanh S\u01a1n - Ph\u00fa Th\u1ecd. Quy\u1ec1n gi\u1ed1ng s\u1edf"},{"maSoList":["79"],"maPhongList":["766"],"roleList":[4,40],"desc":"Ph\u00f2ng Gi\u00e1o d\u1ee5c v\u00e0 \u0110\u00e0o t\u1ea1o Qu\u1eadn T\u00e2n B\u00ecnh - TPHCM. Quy\u1ec1n gi\u1ed1ng s\u1edf"}]},{"checked":true,"icon":"fa fa-arrow-right","name":"L\u1ecbch s\u1eed \u0111\u1ea9y d\u1eef li\u1ec7u l\u00ean B\u1ed9","path":"\/moet-transfer-history","roleList":[2,3,4,5,20,40,2018,2021,2028,2029,2030,2033,2037,2038,2041,2042,2043,2045,2052,2057,2056,2053,2054,2062]}]},{"_id":{"timestamp":1582714601,"machineIdentifier":1090991,"processIdentifier":14164,"counter":13314145,"date":"2020-02-26T10:56:41.000+0000","time":1582714601000,"timeSecond":1582714601},"stt":8,"checked":true,"icon":"fas fa-file-excel","name":"B\u00e1o c\u00e1o","path":"\/report","hasChildren":true,"children":[{"checked":true,"icon":"fa fa-arrow-right","name":"B\u00e1o c\u00e1o EMIS","path":"\/Report-to-the-ministry","roleList":[2,3,4,5,20,40,2014,2016,2017,2018,2019,2020,2021,2022,2024,2028,2029,2030,2033,2034,2036,2037,2038,2039,2042,2043,2045,2056,2053,2062]},{"checked":true,"icon":"fa fa-arrow-right","name":"B\u00e1o c\u00e1o \u0111\u01a1n v\u1ecb","path":"\/Report-to-the-department","roleList":[1,2,4,5,6,20,40,2012,2014,2017,2018,2019,2020,2021,2022,2024,2028,2029,2030,2033,2036,2037,2038,2039,2042,2043,2045,2056,2053,2062]},{"checked":true,"icon":"fa fa-arrow-right","name":"B\u00e1o c\u00e1o \u0111\u1ed9ng","path":"\/report-emis","roleList":[1,2,4,5,2018,20,2019,2020,2021,2022,2024,2028,2029,2030,2033,2036,2037,2038,2039,2042,2043,2045,2056,2053,2062],"blacklist":[{"maSoList":["99","02"],"maPhongList":["238"],"roleList":[2,40],"desc":"Ph\u00f2ng Gi\u00e1o d\u1ee5c v\u00e0 \u0110\u00e0o t\u1ea1o Huy\u1ec7n Thanh S\u01a1n - Ph\u00fa Th\u1ecd. Quy\u1ec1n gi\u1ed1ng s\u1edf"},{"maSoList":["79"],"maPhongList":["766"],"roleList":[4,40],"desc":"Ph\u00f2ng Gi\u00e1o d\u1ee5c v\u00e0 \u0110\u00e0o t\u1ea1o Qu\u1eadn T\u00e2n B\u00ecnh - TPHCM. Quy\u1ec1n gi\u1ed1ng s\u1edf"}]},{"checked":true,"icon":"fa fa-arrow-right","name":"B\u00e1o c\u00e1o EQMS","path":"\/Report-eqms","roleList":[2,3,4,5,20,40,2017,2018,2019,2020,2021,2022,2024,2028,2029,2030,2033,2036,2037,2038,2039,2042,2043,2045,2056,2053,2062],"capHocList":[1]},{"checked":true,"icon":"fa fa-arrow-right","name":"N\u1ed9p th\u1ed1ng k\u00ea theo bi\u1ec3u m\u1eabu","path":"\/Submit_statistical_sample","roleList":[2,3,4,5,20,40,2017,2018,2019,2020,2021,2022,2024,2028,2029,2030,2033,2035,2036,2037,2038,2039,2042,2043,2045,2056,2053,2062]},{"checked":true,"icon":"fa fa-arrow-right","name":"T\u1ed5ng h\u1ee3p d\u1eef li\u1ec7u b\u00e1o c\u00e1o","path":"\/data-synchronization","roleList":[1,2,4,55,2041,2043,2049,2062]},{"checked":true,"icon":"fa fa-arrow-right","name":"Ch\u1ed1t d\u1eef li\u1ec7u b\u00e1o c\u00e1o","path":"\/Lock-data-report","roleList":[1,2,4,20,2049,2021],"maSoList":["19","02"]}],"roleList":[2,3,4,5,20,40,2017,2018,2019,2020,2021,2022,2024,2028,2029,2030,2033,2035,2037,2036,2038,2039,2042,2043,2045,2056,2053,2062]},{"_id":{"timestamp":1581482291,"machineIdentifier":1518083,"processIdentifier":5140,"counter":1415629,"date":"2020-02-12T04:38:11.000+0000","time":1581482291000,"timeSecond":1581482291},"stt":9,"checked":true,"icon":"fas fa-search","name":"Tra c\u1ee9u","path":"\/Specific-data","roleList":[2,3,4,5,20,40,2017,2018,2020,2021,2022,2024,2028,2029,2030,2033,2036,2037,2038,2039,2041,2042,2043,2045,2052,2056,2053,2062],"hasChildren":true,"children":[{"checked":true,"icon":"fa fa-arrow-right","name":"Tra c\u1ee9u tr\u01b0\u1eddng h\u1ecdc","path":"\/category\/schools","roleList":[2,2018,2020,2021,2022,2024,2028,2029,2030,2033,2037,4,2039,2041,2042,2043,2045,2052,2056,2053,2062]},{"checked":true,"icon":"fa fa-arrow-right","name":"Tra c\u1ee9u C\u00e1n b\u1ed9, Gi\u00e1o vi\u00ean","path":"\/Look-up-officials","roleList":[1,2,4,5,6,20,40,2012,2017,2018,2020,2021,2022,2024,2028,2029,2030,2033,2036,2037,2038,2039,2041,2042,2043,2045,2052,2056,2053,2062]},{"checked":true,"icon":"fa fa-arrow-right","name":"Tra c\u1ee9u l\u1edbp h\u1ecdc","path":"\/Look-up-classes","roleList":[1,2,4,5,6,20,40,2012,2017,2018,2020,2021,2022,2024,2028,2029,2030,2033,2036,2037,2038,2039,2041,2042,2043,2045,2052,2056,2053,2062]},{"checked":true,"icon":"fa fa-arrow-right","name":"Tra c\u1ee9u h\u1ecdc sinh","path":"\/Look-up-students","roleList":[1,2,4,5,6,20,40,2012,2017,2018,2020,2021,2022,2024,2028,2029,2030,2033,2036,2037,2038,2039,2041,2042,2043,2045,2052,2056,2053,2062]},{"checked":true,"icon":"fa fa-arrow-right","name":"Tra c\u1ee9u k\u1ebft qu\u1ea3 h\u1ecdc t\u1eadp","path":"\/Look-up-academi-results","roleList":[1,2,4,5,6,20,40,2012,2017,2018,2020,2021,2022,2024,2028,2029,2030,2033,2036,2037,2038,2039,2041,2042,2043,2045,2052,2056,2053,2062]},{"path":"\/lookup_attendance","maSoList":["19"],"icon":"fa fa-arrow-right","name":"Tra c\u1ee9u th\u00f4ng tin \u0111i\u1ec3m danh","checked":true,"roleList":[1,2,4,5,6,20,40,2012,2017,2018,2020,2021,2022,2024,2028,2029,2030,2033,2036,2037,2038,2039,2041,2042,2043,2045,2052,2056,2053,2062]}]},{"_id":{"timestamp":1581482471,"machineIdentifier":1518083,"processIdentifier":5140,"counter":1415630,"date":"2020-02-12T04:41:11.000+0000","time":1581482471000,"timeSecond":1581482471},"stt":11,"checked":true,"icon":"fas fa-cog","name":"H\u1ec7 th\u1ed1ng","path":"\/system","roleList":[1,2,4,6,20,40,2012,100,2028,2033,2037,2029,2041,2043,2049,2062],"hasChildren":true,"children":[{"checked":true,"icon":"fa fa-arrow-right","name":"Qu\u1ea3n l\u00fd ng\u01b0\u1eddi d\u00f9ng","path":"\/user-management","roleList":[1,2,4,6,20,40,2012,100,2028,2033,2037,2029,2041,2043,2062]},{"checked":true,"icon":"fa fa-arrow-right","name":"Qu\u1ea3n l\u00fd vai tr\u00f2","path":"\/role_management","roleList":[2]}]},{"_id":{"timestamp":1614479833,"machineIdentifier":3704337,"processIdentifier":4543,"counter":14503628,"date":"2021-02-28T02:37:13.000+0000","time":1614479833000,"timeSecond":1614479833},"stt":16,"checked":true,"icon":"fa fas fa-chart-line","name":"B\u00e1o c\u00e1o \u0111\u1ed9ng (test)","hasChildren":false,"path":"\/report-emis-test","hidden":true,"maSoList":["45","19"],"roleList":[2,4]},{"_id":{"timestamp":1616474748,"machineIdentifier":13182482,"processIdentifier":24898,"counter":12714212,"date":"2021-03-23T04:45:48.000+0000","time":1616474748000,"timeSecond":1616474748},"stt":17,"checked":true,"icon":"fa fas fa-chart-line","name":"Qu\u1ea3n l\u00fd ti\u00eau ch\u00ed B\u00e1o c\u00e1o \u0111\u1ed9ng","hasChildren":false,"path":"\/manage-criteria-of-dynamic-reports","hidden":true,"maSoList":["45","86","19"],"roleList":[2,4]},{"_id":{"timestamp":1636712048,"machineIdentifier":12889130,"processIdentifier":7992,"counter":587347,"date":"2021-11-12T10:14:08.000+0000","time":1636712048000,"timeSecond":1636712048},"stt":18,"checked":true,"icon":"fa fas fa-chart-line","name":"IOC","hasChildren":true,"path":"\/ioc","hidden":true,"maSoList":["19","83"],"roleList":[2],"children":[{"checked":true,"icon":"fa fa-arrow-right","hidden":true,"name":"IOC map","path":"\/ioc_dashboard_map","roleList":[2],"maSoList":["19","83"]},{"checked":true,"icon":"fa fa-arrow-right","name":"IOC School","path":"\/ioc_chart_school","hidden":true,"roleList":[2],"maSoList":["19","83"]},{"checked":true,"icon":"fa fa-arrow-right","name":"IOC teacher","path":"\/ioc_chart_teacher","hidden":true,"roleList":[2],"maSoList":["19","83"]},{"checked":true,"icon":"fa fa-arrow-right","name":"IOC student","path":"\/ioc_chart_student","hidden":true,"roleList":[2],"maSoList":["19","83"]},{"checked":true,"icon":"fa fa-arrow-right","name":"IOC learning","path":"\/ioc_chart_learning_outcomes","hidden":true,"roleList":[2],"maSoList":["19","83"]}]}],"count_login_fail":0,"day_expired":0,"max_count":null,"sso":false}  
[2025-07-11 08:14:37] local.INFO: ==>login respone code=0, msg=Mật khẩu hiện tại sử dụng quá thời hạn 6 tháng. Vui lòng thay đổi mật khẩu mới để đăng nhập lại.  
[2025-07-11 08:14:44] local.INFO: POST  
[2025-07-11 08:14:45] local.INFO: GET  
[2025-07-11 08:14:48] local.INFO: POST  
[2025-07-11 08:15:08] local.INFO: GET  
[2025-07-11 08:15:09] local.INFO: POST  
[2025-07-11 08:15:29] local.INFO: GET  
[2025-07-11 08:15:29] local.INFO: GET  
[2025-07-11 08:15:29] local.INFO: POST  
[2025-07-11 08:15:30] local.INFO: GET  
[2025-07-11 08:17:12] local.INFO: POST  
[2025-07-11 08:17:16] local.INFO: GET  
[2025-07-11 08:17:17] local.INFO: GET  
[2025-07-11 08:17:27] local.INFO: GET  
[2025-07-11 08:17:27] local.INFO: GET  
[2025-07-11 08:17:38] local.INFO: GET  
[2025-07-11 08:17:38] local.INFO: GET  
[2025-07-11 08:17:58] local.INFO: GET  
[2025-07-11 08:17:58] local.INFO: GET  
[2025-07-11 08:19:42] local.INFO: GET  
[2025-07-11 08:19:42] local.INFO: GET  
[2025-07-11 08:19:53] local.INFO: GET  
[2025-07-11 08:19:53] local.INFO: GET  
[2025-07-11 08:21:27] local.INFO: GET  
[2025-07-11 08:21:27] local.INFO: GET  
[2025-07-11 08:21:27] local.INFO: POST  
[2025-07-11 08:21:28] local.INFO: GET  
[2025-07-11 08:21:30] local.INFO: POST  
[2025-07-11 08:21:37] local.INFO: GET  
[2025-07-11 08:21:37] local.INFO: GET  
[2025-07-11 08:21:40] local.INFO: GET  
[2025-07-11 08:21:40] local.INFO: GET  
[2025-07-11 08:22:42] local.INFO: GET  
[2025-07-11 08:22:42] local.INFO: GET  
[2025-07-11 08:23:17] local.INFO: GET  
[2025-07-11 08:23:18] local.INFO: GET  
[2025-07-11 08:23:18] local.INFO: POST  
[2025-07-11 08:23:19] local.INFO: GET  
[2025-07-11 08:23:25] local.INFO: POST  
[2025-07-11 08:23:28] local.INFO: POST  
[2025-07-11 08:23:50] local.INFO: POST  
[2025-07-11 08:27:51] local.INFO: GET  
[2025-07-11 08:27:52] local.INFO: GET  
[2025-07-11 08:27:52] local.INFO: POST  
[2025-07-11 08:27:53] local.INFO: GET  
[2025-07-11 08:27:56] local.INFO: POST  
[2025-07-11 08:27:57] local.INFO: GET  
[2025-07-11 08:28:00] local.INFO: POST  
[2025-07-11 08:31:24] local.INFO: GET  
[2025-07-11 08:33:09] local.INFO: GET  
[2025-07-11 08:34:00] local.INFO: GET  
[2025-07-11 08:35:02] local.INFO: GET  
[2025-07-11 08:38:38] local.INFO: GET  
[2025-07-11 08:38:48] local.INFO: GET  
[2025-07-11 08:39:08] local.INFO: GET  
[2025-07-11 08:39:26] local.INFO: GET  
[2025-07-11 08:42:21] local.INFO: GET  
[2025-07-11 08:42:25] local.INFO: GET  
[2025-07-11 08:42:40] local.INFO: GET  
[2025-07-11 08:42:43] local.INFO: GET  
[2025-07-11 08:43:32] local.INFO:   
[2025-07-11 08:43:33] local.INFO:   
[2025-07-11 08:43:43] local.INFO:   
[2025-07-11 08:43:46] local.INFO:   
[2025-07-11 08:44:54] local.INFO:   
[2025-07-11 08:44:55] local.INFO:   
[2025-07-11 08:47:00] local.INFO:   
[2025-07-11 08:47:02] local.INFO:   
[2025-07-11 08:49:24] local.INFO:   
[2025-07-11 08:49:41] local.INFO:   
[2025-07-11 08:49:59] local.INFO:   
[2025-07-11 08:50:51] local.ERROR: Undefined constant "App\Http\Controllers\LZString" {"exception":"[object] (Error(code: 0): Undefined constant \"App\\Http\\Controllers\\LZString\" at /Applications/XAMPP/xamppfiles/htdocs/csdl/app/Http/Controllers/ApiGatewayController.php:13)
[stacktrace]
#0 /Applications/XAMPP/xamppfiles/htdocs/csdl/vendor/laravel/framework/src/Illuminate/Routing/Controller.php(54): App\\Http\\Controllers\\ApiGatewayController->request(Object(Illuminate\\Http\\Request))
#1 /Applications/XAMPP/xamppfiles/htdocs/csdl/vendor/laravel/framework/src/Illuminate/Routing/ControllerDispatcher.php(43): Illuminate\\Routing\\Controller->callAction('request', Array)
#2 /Applications/XAMPP/xamppfiles/htdocs/csdl/vendor/laravel/framework/src/Illuminate/Routing/Route.php(259): Illuminate\\Routing\\ControllerDispatcher->dispatch(Object(Illuminate\\Routing\\Route), Object(App\\Http\\Controllers\\ApiGatewayController), 'request')
#3 /Applications/XAMPP/xamppfiles/htdocs/csdl/vendor/laravel/framework/src/Illuminate/Routing/Route.php(205): Illuminate\\Routing\\Route->runController()
#4 /Applications/XAMPP/xamppfiles/htdocs/csdl/vendor/laravel/framework/src/Illuminate/Routing/Router.php(806): Illuminate\\Routing\\Route->run()
#5 /Applications/XAMPP/xamppfiles/htdocs/csdl/vendor/laravel/framework/src/Illuminate/Pipeline/Pipeline.php(144): Illuminate\\Routing\\Router->Illuminate\\Routing\\{closure}(Object(Illuminate\\Http\\Request))
#6 /Applications/XAMPP/xamppfiles/htdocs/csdl/app/Http/Middleware/CheckLoggedIn.php(36): Illuminate\\Pipeline\\Pipeline->Illuminate\\Pipeline\\{closure}(Object(Illuminate\\Http\\Request))
#7 /Applications/XAMPP/xamppfiles/htdocs/csdl/vendor/laravel/framework/src/Illuminate/Pipeline/Pipeline.php(183): App\\Http\\Middleware\\CheckLoggedIn->handle(Object(Illuminate\\Http\\Request), Object(Closure), '')
#8 /Applications/XAMPP/xamppfiles/htdocs/csdl/vendor/laravel/framework/src/Illuminate/Routing/Middleware/SubstituteBindings.php(50): Illuminate\\Pipeline\\Pipeline->Illuminate\\Pipeline\\{closure}(Object(Illuminate\\Http\\Request))
#9 /Applications/XAMPP/xamppfiles/htdocs/csdl/vendor/laravel/framework/src/Illuminate/Pipeline/Pipeline.php(183): Illuminate\\Routing\\Middleware\\SubstituteBindings->handle(Object(Illuminate\\Http\\Request), Object(Closure))
#10 /Applications/XAMPP/xamppfiles/htdocs/csdl/vendor/laravel/framework/src/Illuminate/View/Middleware/ShareErrorsFromSession.php(49): Illuminate\\Pipeline\\Pipeline->Illuminate\\Pipeline\\{closure}(Object(Illuminate\\Http\\Request))
#11 /Applications/XAMPP/xamppfiles/htdocs/csdl/vendor/laravel/framework/src/Illuminate/Pipeline/Pipeline.php(183): Illuminate\\View\\Middleware\\ShareErrorsFromSession->handle(Object(Illuminate\\Http\\Request), Object(Closure))
#12 /Applications/XAMPP/xamppfiles/htdocs/csdl/vendor/laravel/framework/src/Illuminate/Session/Middleware/StartSession.php(121): Illuminate\\Pipeline\\Pipeline->Illuminate\\Pipeline\\{closure}(Object(Illuminate\\Http\\Request))
#13 /Applications/XAMPP/xamppfiles/htdocs/csdl/vendor/laravel/framework/src/Illuminate/Session/Middleware/StartSession.php(64): Illuminate\\Session\\Middleware\\StartSession->handleStatefulRequest(Object(Illuminate\\Http\\Request), Object(Illuminate\\Session\\Store), Object(Closure))
#14 /Applications/XAMPP/xamppfiles/htdocs/csdl/vendor/laravel/framework/src/Illuminate/Pipeline/Pipeline.php(183): Illuminate\\Session\\Middleware\\StartSession->handle(Object(Illuminate\\Http\\Request), Object(Closure))
#15 /Applications/XAMPP/xamppfiles/htdocs/csdl/vendor/laravel/framework/src/Illuminate/Cookie/Middleware/AddQueuedCookiesToResponse.php(37): Illuminate\\Pipeline\\Pipeline->Illuminate\\Pipeline\\{closure}(Object(Illuminate\\Http\\Request))
#16 /Applications/XAMPP/xamppfiles/htdocs/csdl/vendor/laravel/framework/src/Illuminate/Pipeline/Pipeline.php(183): Illuminate\\Cookie\\Middleware\\AddQueuedCookiesToResponse->handle(Object(Illuminate\\Http\\Request), Object(Closure))
#17 /Applications/XAMPP/xamppfiles/htdocs/csdl/vendor/laravel/framework/src/Illuminate/Cookie/Middleware/EncryptCookies.php(67): Illuminate\\Pipeline\\Pipeline->Illuminate\\Pipeline\\{closure}(Object(Illuminate\\Http\\Request))
#18 /Applications/XAMPP/xamppfiles/htdocs/csdl/vendor/laravel/framework/src/Illuminate/Pipeline/Pipeline.php(183): Illuminate\\Cookie\\Middleware\\EncryptCookies->handle(Object(Illuminate\\Http\\Request), Object(Closure))
#19 /Applications/XAMPP/xamppfiles/htdocs/csdl/vendor/laravel/framework/src/Illuminate/Pipeline/Pipeline.php(119): Illuminate\\Pipeline\\Pipeline->Illuminate\\Pipeline\\{closure}(Object(Illuminate\\Http\\Request))
#20 /Applications/XAMPP/xamppfiles/htdocs/csdl/vendor/laravel/framework/src/Illuminate/Routing/Router.php(805): Illuminate\\Pipeline\\Pipeline->then(Object(Closure))
#21 /Applications/XAMPP/xamppfiles/htdocs/csdl/vendor/laravel/framework/src/Illuminate/Routing/Router.php(784): Illuminate\\Routing\\Router->runRouteWithinStack(Object(Illuminate\\Routing\\Route), Object(Illuminate\\Http\\Request))
#22 /Applications/XAMPP/xamppfiles/htdocs/csdl/vendor/laravel/framework/src/Illuminate/Routing/Router.php(748): Illuminate\\Routing\\Router->runRoute(Object(Illuminate\\Http\\Request), Object(Illuminate\\Routing\\Route))
#23 /Applications/XAMPP/xamppfiles/htdocs/csdl/vendor/laravel/framework/src/Illuminate/Routing/Router.php(737): Illuminate\\Routing\\Router->dispatchToRoute(Object(Illuminate\\Http\\Request))
#24 /Applications/XAMPP/xamppfiles/htdocs/csdl/vendor/laravel/framework/src/Illuminate/Foundation/Http/Kernel.php(200): Illuminate\\Routing\\Router->dispatch(Object(Illuminate\\Http\\Request))
#25 /Applications/XAMPP/xamppfiles/htdocs/csdl/vendor/laravel/framework/src/Illuminate/Pipeline/Pipeline.php(144): Illuminate\\Foundation\\Http\\Kernel->Illuminate\\Foundation\\Http\\{closure}(Object(Illuminate\\Http\\Request))
#26 /Applications/XAMPP/xamppfiles/htdocs/csdl/app/Http/Middleware/LogRequestHeaders.php(24): Illuminate\\Pipeline\\Pipeline->Illuminate\\Pipeline\\{closure}(Object(Illuminate\\Http\\Request))
#27 /Applications/XAMPP/xamppfiles/htdocs/csdl/vendor/laravel/framework/src/Illuminate/Pipeline/Pipeline.php(183): App\\Http\\Middleware\\LogRequestHeaders->handle(Object(Illuminate\\Http\\Request), Object(Closure))
#28 /Applications/XAMPP/xamppfiles/htdocs/csdl/vendor/laravel/framework/src/Illuminate/Http/Middleware/TrustProxies.php(39): Illuminate\\Pipeline\\Pipeline->Illuminate\\Pipeline\\{closure}(Object(Illuminate\\Http\\Request))
#29 /Applications/XAMPP/xamppfiles/htdocs/csdl/vendor/laravel/framework/src/Illuminate/Pipeline/Pipeline.php(183): Illuminate\\Http\\Middleware\\TrustProxies->handle(Object(Illuminate\\Http\\Request), Object(Closure))
#30 /Applications/XAMPP/xamppfiles/htdocs/csdl/vendor/laravel/framework/src/Illuminate/Foundation/Http/Middleware/TransformsRequest.php(21): Illuminate\\Pipeline\\Pipeline->Illuminate\\Pipeline\\{closure}(Object(Illuminate\\Http\\Request))
#31 /Applications/XAMPP/xamppfiles/htdocs/csdl/vendor/laravel/framework/src/Illuminate/Foundation/Http/Middleware/ConvertEmptyStringsToNull.php(31): Illuminate\\Foundation\\Http\\Middleware\\TransformsRequest->handle(Object(Illuminate\\Http\\Request), Object(Closure))
#32 /Applications/XAMPP/xamppfiles/htdocs/csdl/vendor/laravel/framework/src/Illuminate/Pipeline/Pipeline.php(183): Illuminate\\Foundation\\Http\\Middleware\\ConvertEmptyStringsToNull->handle(Object(Illuminate\\Http\\Request), Object(Closure))
#33 /Applications/XAMPP/xamppfiles/htdocs/csdl/vendor/laravel/framework/src/Illuminate/Foundation/Http/Middleware/TransformsRequest.php(21): Illuminate\\Pipeline\\Pipeline->Illuminate\\Pipeline\\{closure}(Object(Illuminate\\Http\\Request))
#34 /Applications/XAMPP/xamppfiles/htdocs/csdl/vendor/laravel/framework/src/Illuminate/Foundation/Http/Middleware/TrimStrings.php(40): Illuminate\\Foundation\\Http\\Middleware\\TransformsRequest->handle(Object(Illuminate\\Http\\Request), Object(Closure))
#35 /Applications/XAMPP/xamppfiles/htdocs/csdl/vendor/laravel/framework/src/Illuminate/Pipeline/Pipeline.php(183): Illuminate\\Foundation\\Http\\Middleware\\TrimStrings->handle(Object(Illuminate\\Http\\Request), Object(Closure))
#36 /Applications/XAMPP/xamppfiles/htdocs/csdl/vendor/laravel/framework/src/Illuminate/Foundation/Http/Middleware/ValidatePostSize.php(27): Illuminate\\Pipeline\\Pipeline->Illuminate\\Pipeline\\{closure}(Object(Illuminate\\Http\\Request))
#37 /Applications/XAMPP/xamppfiles/htdocs/csdl/vendor/laravel/framework/src/Illuminate/Pipeline/Pipeline.php(183): Illuminate\\Foundation\\Http\\Middleware\\ValidatePostSize->handle(Object(Illuminate\\Http\\Request), Object(Closure))
#38 /Applications/XAMPP/xamppfiles/htdocs/csdl/vendor/laravel/framework/src/Illuminate/Foundation/Http/Middleware/PreventRequestsDuringMaintenance.php(99): Illuminate\\Pipeline\\Pipeline->Illuminate\\Pipeline\\{closure}(Object(Illuminate\\Http\\Request))
#39 /Applications/XAMPP/xamppfiles/htdocs/csdl/vendor/laravel/framework/src/Illuminate/Pipeline/Pipeline.php(183): Illuminate\\Foundation\\Http\\Middleware\\PreventRequestsDuringMaintenance->handle(Object(Illuminate\\Http\\Request), Object(Closure))
#40 /Applications/XAMPP/xamppfiles/htdocs/csdl/vendor/laravel/framework/src/Illuminate/Pipeline/Pipeline.php(119): Illuminate\\Pipeline\\Pipeline->Illuminate\\Pipeline\\{closure}(Object(Illuminate\\Http\\Request))
#41 /Applications/XAMPP/xamppfiles/htdocs/csdl/vendor/laravel/framework/src/Illuminate/Foundation/Http/Kernel.php(175): Illuminate\\Pipeline\\Pipeline->then(Object(Closure))
#42 /Applications/XAMPP/xamppfiles/htdocs/csdl/vendor/laravel/framework/src/Illuminate/Foundation/Http/Kernel.php(144): Illuminate\\Foundation\\Http\\Kernel->sendRequestThroughRouter(Object(Illuminate\\Http\\Request))
#43 /Applications/XAMPP/xamppfiles/htdocs/csdl/public/index.php(54): Illuminate\\Foundation\\Http\\Kernel->handle(Object(Illuminate\\Http\\Request))
#44 /Applications/XAMPP/xamppfiles/htdocs/csdl/server.php(21): require_once('/Applications/X...')
#45 {main}
"} 
[2025-07-11 08:51:13] local.ERROR: Class "LZString" not found {"exception":"[object] (Error(code: 0): Class \"LZString\" not found at /Applications/XAMPP/xamppfiles/htdocs/csdl/app/Http/Controllers/ApiGatewayController.php:14)
[stacktrace]
#0 /Applications/XAMPP/xamppfiles/htdocs/csdl/vendor/laravel/framework/src/Illuminate/Routing/Controller.php(54): App\\Http\\Controllers\\ApiGatewayController->request(Object(Illuminate\\Http\\Request))
#1 /Applications/XAMPP/xamppfiles/htdocs/csdl/vendor/laravel/framework/src/Illuminate/Routing/ControllerDispatcher.php(43): Illuminate\\Routing\\Controller->callAction('request', Array)
#2 /Applications/XAMPP/xamppfiles/htdocs/csdl/vendor/laravel/framework/src/Illuminate/Routing/Route.php(259): Illuminate\\Routing\\ControllerDispatcher->dispatch(Object(Illuminate\\Routing\\Route), Object(App\\Http\\Controllers\\ApiGatewayController), 'request')
#3 /Applications/XAMPP/xamppfiles/htdocs/csdl/vendor/laravel/framework/src/Illuminate/Routing/Route.php(205): Illuminate\\Routing\\Route->runController()
#4 /Applications/XAMPP/xamppfiles/htdocs/csdl/vendor/laravel/framework/src/Illuminate/Routing/Router.php(806): Illuminate\\Routing\\Route->run()
#5 /Applications/XAMPP/xamppfiles/htdocs/csdl/vendor/laravel/framework/src/Illuminate/Pipeline/Pipeline.php(144): Illuminate\\Routing\\Router->Illuminate\\Routing\\{closure}(Object(Illuminate\\Http\\Request))
#6 /Applications/XAMPP/xamppfiles/htdocs/csdl/app/Http/Middleware/CheckLoggedIn.php(36): Illuminate\\Pipeline\\Pipeline->Illuminate\\Pipeline\\{closure}(Object(Illuminate\\Http\\Request))
#7 /Applications/XAMPP/xamppfiles/htdocs/csdl/vendor/laravel/framework/src/Illuminate/Pipeline/Pipeline.php(183): App\\Http\\Middleware\\CheckLoggedIn->handle(Object(Illuminate\\Http\\Request), Object(Closure), '')
#8 /Applications/XAMPP/xamppfiles/htdocs/csdl/vendor/laravel/framework/src/Illuminate/Routing/Middleware/SubstituteBindings.php(50): Illuminate\\Pipeline\\Pipeline->Illuminate\\Pipeline\\{closure}(Object(Illuminate\\Http\\Request))
#9 /Applications/XAMPP/xamppfiles/htdocs/csdl/vendor/laravel/framework/src/Illuminate/Pipeline/Pipeline.php(183): Illuminate\\Routing\\Middleware\\SubstituteBindings->handle(Object(Illuminate\\Http\\Request), Object(Closure))
#10 /Applications/XAMPP/xamppfiles/htdocs/csdl/vendor/laravel/framework/src/Illuminate/View/Middleware/ShareErrorsFromSession.php(49): Illuminate\\Pipeline\\Pipeline->Illuminate\\Pipeline\\{closure}(Object(Illuminate\\Http\\Request))
#11 /Applications/XAMPP/xamppfiles/htdocs/csdl/vendor/laravel/framework/src/Illuminate/Pipeline/Pipeline.php(183): Illuminate\\View\\Middleware\\ShareErrorsFromSession->handle(Object(Illuminate\\Http\\Request), Object(Closure))
#12 /Applications/XAMPP/xamppfiles/htdocs/csdl/vendor/laravel/framework/src/Illuminate/Session/Middleware/StartSession.php(121): Illuminate\\Pipeline\\Pipeline->Illuminate\\Pipeline\\{closure}(Object(Illuminate\\Http\\Request))
#13 /Applications/XAMPP/xamppfiles/htdocs/csdl/vendor/laravel/framework/src/Illuminate/Session/Middleware/StartSession.php(64): Illuminate\\Session\\Middleware\\StartSession->handleStatefulRequest(Object(Illuminate\\Http\\Request), Object(Illuminate\\Session\\Store), Object(Closure))
#14 /Applications/XAMPP/xamppfiles/htdocs/csdl/vendor/laravel/framework/src/Illuminate/Pipeline/Pipeline.php(183): Illuminate\\Session\\Middleware\\StartSession->handle(Object(Illuminate\\Http\\Request), Object(Closure))
#15 /Applications/XAMPP/xamppfiles/htdocs/csdl/vendor/laravel/framework/src/Illuminate/Cookie/Middleware/AddQueuedCookiesToResponse.php(37): Illuminate\\Pipeline\\Pipeline->Illuminate\\Pipeline\\{closure}(Object(Illuminate\\Http\\Request))
#16 /Applications/XAMPP/xamppfiles/htdocs/csdl/vendor/laravel/framework/src/Illuminate/Pipeline/Pipeline.php(183): Illuminate\\Cookie\\Middleware\\AddQueuedCookiesToResponse->handle(Object(Illuminate\\Http\\Request), Object(Closure))
#17 /Applications/XAMPP/xamppfiles/htdocs/csdl/vendor/laravel/framework/src/Illuminate/Cookie/Middleware/EncryptCookies.php(67): Illuminate\\Pipeline\\Pipeline->Illuminate\\Pipeline\\{closure}(Object(Illuminate\\Http\\Request))
#18 /Applications/XAMPP/xamppfiles/htdocs/csdl/vendor/laravel/framework/src/Illuminate/Pipeline/Pipeline.php(183): Illuminate\\Cookie\\Middleware\\EncryptCookies->handle(Object(Illuminate\\Http\\Request), Object(Closure))
#19 /Applications/XAMPP/xamppfiles/htdocs/csdl/vendor/laravel/framework/src/Illuminate/Pipeline/Pipeline.php(119): Illuminate\\Pipeline\\Pipeline->Illuminate\\Pipeline\\{closure}(Object(Illuminate\\Http\\Request))
#20 /Applications/XAMPP/xamppfiles/htdocs/csdl/vendor/laravel/framework/src/Illuminate/Routing/Router.php(805): Illuminate\\Pipeline\\Pipeline->then(Object(Closure))
#21 /Applications/XAMPP/xamppfiles/htdocs/csdl/vendor/laravel/framework/src/Illuminate/Routing/Router.php(784): Illuminate\\Routing\\Router->runRouteWithinStack(Object(Illuminate\\Routing\\Route), Object(Illuminate\\Http\\Request))
#22 /Applications/XAMPP/xamppfiles/htdocs/csdl/vendor/laravel/framework/src/Illuminate/Routing/Router.php(748): Illuminate\\Routing\\Router->runRoute(Object(Illuminate\\Http\\Request), Object(Illuminate\\Routing\\Route))
#23 /Applications/XAMPP/xamppfiles/htdocs/csdl/vendor/laravel/framework/src/Illuminate/Routing/Router.php(737): Illuminate\\Routing\\Router->dispatchToRoute(Object(Illuminate\\Http\\Request))
#24 /Applications/XAMPP/xamppfiles/htdocs/csdl/vendor/laravel/framework/src/Illuminate/Foundation/Http/Kernel.php(200): Illuminate\\Routing\\Router->dispatch(Object(Illuminate\\Http\\Request))
#25 /Applications/XAMPP/xamppfiles/htdocs/csdl/vendor/laravel/framework/src/Illuminate/Pipeline/Pipeline.php(144): Illuminate\\Foundation\\Http\\Kernel->Illuminate\\Foundation\\Http\\{closure}(Object(Illuminate\\Http\\Request))
#26 /Applications/XAMPP/xamppfiles/htdocs/csdl/app/Http/Middleware/LogRequestHeaders.php(24): Illuminate\\Pipeline\\Pipeline->Illuminate\\Pipeline\\{closure}(Object(Illuminate\\Http\\Request))
#27 /Applications/XAMPP/xamppfiles/htdocs/csdl/vendor/laravel/framework/src/Illuminate/Pipeline/Pipeline.php(183): App\\Http\\Middleware\\LogRequestHeaders->handle(Object(Illuminate\\Http\\Request), Object(Closure))
#28 /Applications/XAMPP/xamppfiles/htdocs/csdl/vendor/laravel/framework/src/Illuminate/Http/Middleware/TrustProxies.php(39): Illuminate\\Pipeline\\Pipeline->Illuminate\\Pipeline\\{closure}(Object(Illuminate\\Http\\Request))
#29 /Applications/XAMPP/xamppfiles/htdocs/csdl/vendor/laravel/framework/src/Illuminate/Pipeline/Pipeline.php(183): Illuminate\\Http\\Middleware\\TrustProxies->handle(Object(Illuminate\\Http\\Request), Object(Closure))
#30 /Applications/XAMPP/xamppfiles/htdocs/csdl/vendor/laravel/framework/src/Illuminate/Foundation/Http/Middleware/TransformsRequest.php(21): Illuminate\\Pipeline\\Pipeline->Illuminate\\Pipeline\\{closure}(Object(Illuminate\\Http\\Request))
#31 /Applications/XAMPP/xamppfiles/htdocs/csdl/vendor/laravel/framework/src/Illuminate/Foundation/Http/Middleware/ConvertEmptyStringsToNull.php(31): Illuminate\\Foundation\\Http\\Middleware\\TransformsRequest->handle(Object(Illuminate\\Http\\Request), Object(Closure))
#32 /Applications/XAMPP/xamppfiles/htdocs/csdl/vendor/laravel/framework/src/Illuminate/Pipeline/Pipeline.php(183): Illuminate\\Foundation\\Http\\Middleware\\ConvertEmptyStringsToNull->handle(Object(Illuminate\\Http\\Request), Object(Closure))
#33 /Applications/XAMPP/xamppfiles/htdocs/csdl/vendor/laravel/framework/src/Illuminate/Foundation/Http/Middleware/TransformsRequest.php(21): Illuminate\\Pipeline\\Pipeline->Illuminate\\Pipeline\\{closure}(Object(Illuminate\\Http\\Request))
#34 /Applications/XAMPP/xamppfiles/htdocs/csdl/vendor/laravel/framework/src/Illuminate/Foundation/Http/Middleware/TrimStrings.php(40): Illuminate\\Foundation\\Http\\Middleware\\TransformsRequest->handle(Object(Illuminate\\Http\\Request), Object(Closure))
#35 /Applications/XAMPP/xamppfiles/htdocs/csdl/vendor/laravel/framework/src/Illuminate/Pipeline/Pipeline.php(183): Illuminate\\Foundation\\Http\\Middleware\\TrimStrings->handle(Object(Illuminate\\Http\\Request), Object(Closure))
#36 /Applications/XAMPP/xamppfiles/htdocs/csdl/vendor/laravel/framework/src/Illuminate/Foundation/Http/Middleware/ValidatePostSize.php(27): Illuminate\\Pipeline\\Pipeline->Illuminate\\Pipeline\\{closure}(Object(Illuminate\\Http\\Request))
#37 /Applications/XAMPP/xamppfiles/htdocs/csdl/vendor/laravel/framework/src/Illuminate/Pipeline/Pipeline.php(183): Illuminate\\Foundation\\Http\\Middleware\\ValidatePostSize->handle(Object(Illuminate\\Http\\Request), Object(Closure))
#38 /Applications/XAMPP/xamppfiles/htdocs/csdl/vendor/laravel/framework/src/Illuminate/Foundation/Http/Middleware/PreventRequestsDuringMaintenance.php(99): Illuminate\\Pipeline\\Pipeline->Illuminate\\Pipeline\\{closure}(Object(Illuminate\\Http\\Request))
#39 /Applications/XAMPP/xamppfiles/htdocs/csdl/vendor/laravel/framework/src/Illuminate/Pipeline/Pipeline.php(183): Illuminate\\Foundation\\Http\\Middleware\\PreventRequestsDuringMaintenance->handle(Object(Illuminate\\Http\\Request), Object(Closure))
#40 /Applications/XAMPP/xamppfiles/htdocs/csdl/vendor/laravel/framework/src/Illuminate/Pipeline/Pipeline.php(119): Illuminate\\Pipeline\\Pipeline->Illuminate\\Pipeline\\{closure}(Object(Illuminate\\Http\\Request))
#41 /Applications/XAMPP/xamppfiles/htdocs/csdl/vendor/laravel/framework/src/Illuminate/Foundation/Http/Kernel.php(175): Illuminate\\Pipeline\\Pipeline->then(Object(Closure))
#42 /Applications/XAMPP/xamppfiles/htdocs/csdl/vendor/laravel/framework/src/Illuminate/Foundation/Http/Kernel.php(144): Illuminate\\Foundation\\Http\\Kernel->sendRequestThroughRouter(Object(Illuminate\\Http\\Request))
#43 /Applications/XAMPP/xamppfiles/htdocs/csdl/public/index.php(54): Illuminate\\Foundation\\Http\\Kernel->handle(Object(Illuminate\\Http\\Request))
#44 /Applications/XAMPP/xamppfiles/htdocs/csdl/server.php(21): require_once('/Applications/X...')
#45 {main}
"} 
[2025-07-11 08:55:34] local.INFO:   
[2025-07-11 09:08:51] local.INFO:   
